Sep 28, 2018 12:34:44 AM org.apache.karaf.main.Main launch
??: Installing and starting initial bundles
Sep 28, 2018 12:34:45 AM org.apache.karaf.main.Main launch
??: All initial bundles installed and set to start
Sep 28, 2018 12:34:45 AM org.sonatype.nexus.karaf.NexusMain launch
??: ...launched Nexus!
Sep 28, 2018 12:34:45 AM org.apache.karaf.main.Main$KarafLockCallback lockAquired
??: Lock acquired. Setting startlevel to 100
Sep 28, 2018 12:39:13 AM org.apache.karaf.main.Main launch
??: Installing and starting initial bundles
Sep 28, 2018 12:39:13 AM org.apache.karaf.main.Main launch
??: All initial bundles installed and set to start
Sep 28, 2018 12:39:13 AM org.sonatype.nexus.karaf.NexusMain launch
??: ...launched Nexus!
Sep 28, 2018 12:39:13 AM org.apache.karaf.main.Main$KarafLockCallback lockAquired
??: Lock acquired. Setting startlevel to 100
Sep 28, 2018 12:42:46 AM org.apache.karaf.main.Main launch
??: Installing and starting initial bundles
Sep 28, 2018 12:42:47 AM org.apache.karaf.main.Main launch
??: All initial bundles installed and set to start
Sep 28, 2018 12:42:47 AM org.sonatype.nexus.karaf.NexusMain launch
??: ...launched Nexus!
Sep 28, 2018 12:42:47 AM org.apache.karaf.main.Main$KarafLockCallback lockAquired
??: Lock acquired. Setting startlevel to 100
Sep 28, 2018 12:59:59 AM org.apache.karaf.main.Main launch
??: Installing and starting initial bundles
Sep 28, 2018 12:59:59 AM org.apache.karaf.main.Main launch
??: All initial bundles installed and set to start
Sep 28, 2018 1:00:00 AM org.sonatype.nexus.karaf.NexusMain launch
??: ...launched Nexus!
Sep 28, 2018 1:00:00 AM org.apache.karaf.main.Main$KarafLockCallback lockAquired
??: Lock acquired. Setting startlevel to 100
Sep 28, 2018 1:08:02 AM org.apache.karaf.main.Main launch
??: Installing and starting initial bundles
Sep 28, 2018 1:08:03 AM org.apache.karaf.main.Main launch
??: All initial bundles installed and set to start
Sep 28, 2018 1:08:03 AM org.sonatype.nexus.karaf.NexusMain launch
??: ...launched Nexus!
Sep 28, 2018 1:08:03 AM org.apache.karaf.main.Main$KarafLockCallback lockAquired
??: Lock acquired. Setting startlevel to 100
Sep 28, 2018 1:15:45 AM org.apache.karaf.main.Main launch
??: Installing and starting initial bundles
Sep 28, 2018 1:15:45 AM org.apache.karaf.main.Main launch
??: All initial bundles installed and set to start
Sep 28, 2018 1:15:45 AM org.sonatype.nexus.karaf.NexusMain launch
??: ...launched Nexus!
Sep 28, 2018 1:15:45 AM org.apache.karaf.main.Main$KarafLockCallback lockAquired
??: Lock acquired. Setting startlevel to 100
Sep 28, 2018 1:20:58 AM org.apache.karaf.main.Main launch
??: Installing and starting initial bundles
Sep 28, 2018 1:20:59 AM org.apache.karaf.main.Main launch
??: All initial bundles installed and set to start
Sep 28, 2018 1:20:59 AM org.sonatype.nexus.karaf.NexusMain launch
??: ...launched Nexus!
Sep 28, 2018 1:20:59 AM org.apache.karaf.main.Main$KarafLockCallback lockAquired
??: Lock acquired. Setting startlevel to 100
Sep 28, 2018 1:24:52 AM org.apache.karaf.main.Main launch
??: Installing and starting initial bundles
Sep 28, 2018 1:24:53 AM org.apache.karaf.main.Main launch
??: All initial bundles installed and set to start
Sep 28, 2018 1:24:53 AM org.sonatype.nexus.karaf.NexusMain launch
??: ...launched Nexus!
Sep 28, 2018 1:24:53 AM org.apache.karaf.main.Main$KarafLockCallback lockAquired
??: Lock acquired. Setting startlevel to 100
Sep 28, 2018 1:34:39 AM org.apache.karaf.main.Main launch
??: Installing and starting initial bundles
Sep 28, 2018 1:34:39 AM org.apache.karaf.main.Main launch
??: All initial bundles installed and set to start
Sep 28, 2018 1:34:40 AM org.sonatype.nexus.karaf.NexusMain launch
??: ...launched Nexus!
Sep 28, 2018 1:34:40 AM org.apache.karaf.main.Main$KarafLockCallback lockAquired
??: Lock acquired. Setting startlevel to 100
Sep 28, 2018 1:50:34 AM org.apache.karaf.main.Main launch
??: Installing and starting initial bundles
Sep 28, 2018 1:50:35 AM org.apache.karaf.main.Main launch
??: All initial bundles installed and set to start
Sep 28, 2018 1:50:35 AM org.sonatype.nexus.karaf.NexusMain launch
??: ...launched Nexus!
Sep 28, 2018 1:50:35 AM org.apache.karaf.main.Main$KarafLockCallback lockAquired
??: Lock acquired. Setting startlevel to 100
Sep 28, 2018 2:01:11 AM org.apache.karaf.main.Main launch
??: Installing and starting initial bundles
Sep 28, 2018 2:01:11 AM org.apache.karaf.main.Main launch
??: All initial bundles installed and set to start
Sep 28, 2018 2:01:11 AM org.apache.karaf.main.Main$KarafLockCallback lockAquired
??: Lock acquired. Setting startlevel to 100
Sep 28, 2018 2:01:11 AM org.sonatype.nexus.karaf.NexusMain launch
??: ...launched Nexus!
Sep 28, 2018 2:17:48 AM org.apache.karaf.main.Main launch
??: Installing and starting initial bundles
Sep 28, 2018 2:17:49 AM org.apache.karaf.main.Main launch
??: All initial bundles installed and set to start
Sep 28, 2018 2:17:49 AM org.sonatype.nexus.karaf.NexusMain launch
??: ...launched Nexus!
Sep 28, 2018 2:17:49 AM org.apache.karaf.main.Main$KarafLockCallback lockAquired
??: Lock acquired. Setting startlevel to 100
Sep 28, 2018 3:01:09 AM org.apache.karaf.main.Main launch
??: Installing and starting initial bundles
Sep 28, 2018 3:01:09 AM org.apache.karaf.main.Main launch
??: All initial bundles installed and set to start
Sep 28, 2018 3:01:09 AM org.sonatype.nexus.karaf.NexusMain launch
??: ...launched Nexus!
Sep 28, 2018 3:01:09 AM org.apache.karaf.main.Main$KarafLockCallback lockAquired
??: Lock acquired. Setting startlevel to 100
Sep 28, 2018 3:02:55 AM org.apache.karaf.main.Main launch
??: Installing and starting initial bundles
Sep 28, 2018 3:02:55 AM org.apache.karaf.main.Main launch
??: All initial bundles installed and set to start
Sep 28, 2018 3:02:56 AM org.sonatype.nexus.karaf.NexusMain launch
??: ...launched Nexus!
Sep 28, 2018 3:02:56 AM org.apache.karaf.main.Main$KarafLockCallback lockAquired
??: Lock acquired. Setting startlevel to 100
Sep 28, 2018 3:24:39 AM org.apache.karaf.main.Main launch
??: Installing and starting initial bundles
Sep 28, 2018 3:24:39 AM org.apache.karaf.main.Main launch
??: All initial bundles installed and set to start
Sep 28, 2018 3:24:39 AM org.sonatype.nexus.karaf.NexusMain launch
??: ...launched Nexus!
Sep 28, 2018 3:24:39 AM org.apache.karaf.main.Main$KarafLockCallback lockAquired
??: Lock acquired. Setting startlevel to 100
Sep 28, 2018 3:33:19 AM org.apache.karaf.main.Main launch
??: Installing and starting initial bundles
Sep 28, 2018 3:33:19 AM org.apache.karaf.main.Main launch
??: All initial bundles installed and set to start
Sep 28, 2018 3:33:19 AM org.sonatype.nexus.karaf.NexusMain launch
??: ...launched Nexus!
Sep 28, 2018 3:33:19 AM org.apache.karaf.main.Main$KarafLockCallback lockAquired
??: Lock acquired. Setting startlevel to 100
Sep 28, 2018 4:01:12 AM org.apache.karaf.main.Main launch
??: Installing and starting initial bundles
Sep 28, 2018 4:01:12 AM org.apache.karaf.main.Main launch
??: All initial bundles installed and set to start
Sep 28, 2018 4:01:12 AM org.apache.karaf.main.Main$KarafLockCallback lockAquired
??: Lock acquired. Setting startlevel to 100
Sep 28, 2018 4:01:12 AM org.sonatype.nexus.karaf.NexusMain launch
??: ...launched Nexus!
Sep 28, 2018 4:09:55 AM org.apache.karaf.main.Main launch
??: Installing and starting initial bundles
Sep 28, 2018 4:09:55 AM org.apache.karaf.main.Main launch
??: All initial bundles installed and set to start
Sep 28, 2018 4:09:56 AM org.sonatype.nexus.karaf.NexusMain launch
??: ...launched Nexus!
Sep 28, 2018 4:09:56 AM org.apache.karaf.main.Main$KarafLockCallback lockAquired
??: Lock acquired. Setting startlevel to 100
Sep 28, 2018 4:17:15 AM org.apache.karaf.main.Main launch
??: Installing and starting initial bundles
Sep 28, 2018 4:17:15 AM org.apache.karaf.main.Main launch
??: All initial bundles installed and set to start
Sep 28, 2018 4:17:15 AM org.sonatype.nexus.karaf.NexusMain launch
??: ...launched Nexus!
Sep 28, 2018 4:17:15 AM org.apache.karaf.main.Main$KarafLockCallback lockAquired
??: Lock acquired. Setting startlevel to 100
